<?xml version="1.0" encoding="UTF-8"?>
<!-- Generated by org.testng.reporters.JUnitReportReporter -->
<testsuite hostname="LAPTOP-ST4CJVNU" failures="0" tests="3" name="com.OrangeJenkin.qa.testcases.LoginPageTest" time="15.239" errors="0" timestamp="2022-09-05T09:18:33 IST" skipped="1">
  <testcase classname="com.OrangeJenkin.qa.testcases.LoginPageTest" name="loinPageTitleTest" time="7.796"/>
  <system-out/>
  <testcase classname="com.OrangeJenkin.qa.testcases.LoginPageTest" name="loginTest" time="7.443"/>
  <system-out/>
  <testcase classname="com.OrangeJenkin.qa.testcases.LoginPageTest" name="OrangeHRMImageTest">
    <skipped/>
  </testcase> <!-- OrangeHRMImageTest -->
  <system-out/>
</testsuite> <!-- com.OrangeJenkin.qa.testcases.LoginPageTest -->
